CRITICAL - 2024-06-14 17:12:35 --> CodeIgniter\View\Exceptions\ViewException: Invalid file: "layouts\test\layout.php"
[Method: GET, Route: /]
in SYSTEMPATH\Exceptions\FrameworkException.php on line 41.
 1 SYSTEMPATH\View\View.php(222): CodeIgniter\Exceptions\FrameworkException::forInvalidFile('layouts\\test\\layout.php')
 2 SYSTEMPATH\View\View.php(250): CodeIgniter\View\View->render('layouts\\test\\layout', [], true)
 3 SYSTEMPATH\Common.php(1171): CodeIgniter\View\View->render('front/layouts/index_contenido', [], true)
 4 APPPATH\Controllers\Home.php(9): view('front/layouts/index_contenido')
 5 SYSTEMPATH\CodeIgniter.php(933): App\Controllers\Home->index()
 6 SYSTEMPATH\CodeIgniter.php(509): CodeIgniter\CodeIgniter->runController(Object(App\Controllers\Home))
 7 SYSTEMPATH\CodeIgniter.php(355): CodeIgniter\CodeIgniter->handleRequest(null, Object(Config\Cache), false)
 8 SYSTEMPATH\Boot.php(325): CodeIgniter\CodeIgniter->run()
 9 SYSTEMPATH\Boot.php(67): CodeIgniter\Boot::runCodeIgniter(Object(CodeIgniter\CodeIgniter))
10 FCPATH\index.php(56): CodeIgniter\Boot::bootWeb(Object(Config\Paths))
CRITICAL - 2024-06-14 17:18:36 --> CodeIgniter\View\Exceptions\ViewException: Invalid file: "front/layouts/navbar_views.php"
[Method: GET, Route: /]
in SYSTEMPATH\Exceptions\FrameworkException.php on line 41.
 1 SYSTEMPATH\View\View.php(222): CodeIgniter\Exceptions\FrameworkException::forInvalidFile('front/layouts/navbar_views.php')
 2 SYSTEMPATH\View\View.php(487): CodeIgniter\View\View->render('front/layouts/navbar_views', null, true)
 3 APPPATH\Views\front\layouts\layout.php(26): CodeIgniter\View\View->include('front/layouts/navbar_views')
 4 SYSTEMPATH\View\View.php(234): include('C:\\xampp\\htdocs\\ProT2_41038345\\app\\Views\\front\\layouts\\layout.php')
 5 SYSTEMPATH\View\View.php(237): CodeIgniter\View\View->CodeIgniter\View\{closure}()
 6 SYSTEMPATH\View\View.php(250): CodeIgniter\View\View->render('front\\layouts\\layout', [], true)
 7 SYSTEMPATH\Common.php(1171): CodeIgniter\View\View->render('front/layouts/index_contenido', [], true)
 8 APPPATH\Controllers\Home.php(9): view('front/layouts/index_contenido')
 9 SYSTEMPATH\CodeIgniter.php(933): App\Controllers\Home->index()
10 SYSTEMPATH\CodeIgniter.php(509): CodeIgniter\CodeIgniter->runController(Object(App\Controllers\Home))
11 SYSTEMPATH\CodeIgniter.php(355): CodeIgniter\CodeIgniter->handleRequest(null, Object(Config\Cache), false)
12 SYSTEMPATH\Boot.php(325): CodeIgniter\CodeIgniter->run()
13 SYSTEMPATH\Boot.php(67): CodeIgniter\Boot::runCodeIgniter(Object(CodeIgniter\CodeIgniter))
14 FCPATH\index.php(56): CodeIgniter\Boot::bootWeb(Object(Config\Paths))
CRITICAL - 2024-06-14 17:18:39 --> CodeIgniter\View\Exceptions\ViewException: Invalid file: "front/layouts/navbar_views.php"
[Method: GET, Route: /]
in SYSTEMPATH\Exceptions\FrameworkException.php on line 41.
 1 SYSTEMPATH\View\View.php(222): CodeIgniter\Exceptions\FrameworkException::forInvalidFile('front/layouts/navbar_views.php')
 2 SYSTEMPATH\View\View.php(487): CodeIgniter\View\View->render('front/layouts/navbar_views', null, true)
 3 APPPATH\Views\front\layouts\layout.php(26): CodeIgniter\View\View->include('front/layouts/navbar_views')
 4 SYSTEMPATH\View\View.php(234): include('C:\\xampp\\htdocs\\ProT2_41038345\\app\\Views\\front\\layouts\\layout.php')
 5 SYSTEMPATH\View\View.php(237): CodeIgniter\View\View->CodeIgniter\View\{closure}()
 6 SYSTEMPATH\View\View.php(250): CodeIgniter\View\View->render('front\\layouts\\layout', [], true)
 7 SYSTEMPATH\Common.php(1171): CodeIgniter\View\View->render('front/layouts/index_contenido', [], true)
 8 APPPATH\Controllers\Home.php(9): view('front/layouts/index_contenido')
 9 SYSTEMPATH\CodeIgniter.php(933): App\Controllers\Home->index()
10 SYSTEMPATH\CodeIgniter.php(509): CodeIgniter\CodeIgniter->runController(Object(App\Controllers\Home))
11 SYSTEMPATH\CodeIgniter.php(355): CodeIgniter\CodeIgniter->handleRequest(null, Object(Config\Cache), false)
12 SYSTEMPATH\Boot.php(325): CodeIgniter\CodeIgniter->run()
13 SYSTEMPATH\Boot.php(67): CodeIgniter\Boot::runCodeIgniter(Object(CodeIgniter\CodeIgniter))
14 FCPATH\index.php(56): CodeIgniter\Boot::bootWeb(Object(Config\Paths))
CRITICAL - 2024-06-14 17:19:28 --> ErrorException: Undefined variable $titulo
[Method: GET, Route: /]
in APPPATH\Views\front\layouts\navbar_view.php on line 6.
 1 APPPATH\Views\front\layouts\navbar_view.php(6): CodeIgniter\Debug\Exceptions->errorHandler(2, 'Undefined variable $titulo', 'C:\\xampp\\htdocs\\ProT2_41038345\\app\\Views\\front\\layouts\\navbar_view.php', 6)
 2 SYSTEMPATH\View\View.php(234): include('C:\\xampp\\htdocs\\ProT2_41038345\\app\\Views\\front\\layouts\\navbar_view.php')
 3 SYSTEMPATH\View\View.php(237): CodeIgniter\View\View->CodeIgniter\View\{closure}()
 4 SYSTEMPATH\View\View.php(487): CodeIgniter\View\View->render('front/layouts/navbar_view', null, true)
 5 APPPATH\Views\front\layouts\layout.php(26): CodeIgniter\View\View->include('front/layouts/navbar_view')
 6 SYSTEMPATH\View\View.php(234): include('C:\\xampp\\htdocs\\ProT2_41038345\\app\\Views\\front\\layouts\\layout.php')
 7 SYSTEMPATH\View\View.php(237): CodeIgniter\View\View->CodeIgniter\View\{closure}()
 8 SYSTEMPATH\View\View.php(250): CodeIgniter\View\View->render('front\\layouts\\layout', [], true)
 9 SYSTEMPATH\Common.php(1171): CodeIgniter\View\View->render('front/layouts/index_contenido', [], true)
10 APPPATH\Controllers\Home.php(9): view('front/layouts/index_contenido')
11 SYSTEMPATH\CodeIgniter.php(933): App\Controllers\Home->index()
12 SYSTEMPATH\CodeIgniter.php(509): CodeIgniter\CodeIgniter->runController(Object(App\Controllers\Home))
13 SYSTEMPATH\CodeIgniter.php(355): CodeIgniter\CodeIgniter->handleRequest(null, Object(Config\Cache), false)
14 SYSTEMPATH\Boot.php(325): CodeIgniter\CodeIgniter->run()
15 SYSTEMPATH\Boot.php(67): CodeIgniter\Boot::runCodeIgniter(Object(CodeIgniter\CodeIgniter))
16 FCPATH\index.php(56): CodeIgniter\Boot::bootWeb(Object(Config\Paths))
CRITICAL - 2024-06-14 17:20:02 --> ErrorException: Undefined variable $titulo
[Method: GET, Route: /]
in APPPATH\Views\front\layouts\navbar_view.php on line 6.
 1 APPPATH\Views\front\layouts\navbar_view.php(6): CodeIgniter\Debug\Exceptions->errorHandler(2, 'Undefined variable $titulo', 'C:\\xampp\\htdocs\\ProT2_41038345\\app\\Views\\front\\layouts\\navbar_view.php', 6)
 2 SYSTEMPATH\View\View.php(234): include('C:\\xampp\\htdocs\\ProT2_41038345\\app\\Views\\front\\layouts\\navbar_view.php')
 3 SYSTEMPATH\View\View.php(237): CodeIgniter\View\View->CodeIgniter\View\{closure}()
 4 SYSTEMPATH\View\View.php(487): CodeIgniter\View\View->render('front/layouts/navbar_view', null, true)
 5 APPPATH\Views\front\layouts\layout.php(26): CodeIgniter\View\View->include('front/layouts/navbar_view')
 6 SYSTEMPATH\View\View.php(234): include('C:\\xampp\\htdocs\\ProT2_41038345\\app\\Views\\front\\layouts\\layout.php')
 7 SYSTEMPATH\View\View.php(237): CodeIgniter\View\View->CodeIgniter\View\{closure}()
 8 SYSTEMPATH\View\View.php(250): CodeIgniter\View\View->render('front\\layouts\\layout', [], true)
 9 SYSTEMPATH\Common.php(1171): CodeIgniter\View\View->render('front/layouts/index_contenido', [], true)
10 APPPATH\Controllers\Home.php(11): view('front/layouts/index_contenido')
11 SYSTEMPATH\CodeIgniter.php(933): App\Controllers\Home->index()
12 SYSTEMPATH\CodeIgniter.php(509): CodeIgniter\CodeIgniter->runController(Object(App\Controllers\Home))
13 SYSTEMPATH\CodeIgniter.php(355): CodeIgniter\CodeIgniter->handleRequest(null, Object(Config\Cache), false)
14 SYSTEMPATH\Boot.php(325): CodeIgniter\CodeIgniter->run()
15 SYSTEMPATH\Boot.php(67): CodeIgniter\Boot::runCodeIgniter(Object(CodeIgniter\CodeIgniter))
16 FCPATH\index.php(56): CodeIgniter\Boot::bootWeb(Object(Config\Paths))
CRITICAL - 2024-06-14 17:27:40 --> CodeIgniter\View\Exceptions\ViewException: Invalid file: "front/layouts/login.php"
[Method: GET, Route: login]
in SYSTEMPATH\Exceptions\FrameworkException.php on line 41.
 1 SYSTEMPATH\View\View.php(222): CodeIgniter\Exceptions\FrameworkException::forInvalidFile('front/layouts/login.php')
 2 SYSTEMPATH\Common.php(1171): CodeIgniter\View\View->render('front/layouts/login', [], true)
 3 APPPATH\Controllers\Home.php(16): view('front/layouts/login', [...])
 4 SYSTEMPATH\CodeIgniter.php(933): App\Controllers\Home->login()
 5 SYSTEMPATH\CodeIgniter.php(509): CodeIgniter\CodeIgniter->runController(Object(App\Controllers\Home))
 6 SYSTEMPATH\CodeIgniter.php(355): CodeIgniter\CodeIgniter->handleRequest(null, Object(Config\Cache), false)
 7 SYSTEMPATH\Boot.php(325): CodeIgniter\CodeIgniter->run()
 8 SYSTEMPATH\Boot.php(67): CodeIgniter\Boot::runCodeIgniter(Object(CodeIgniter\CodeIgniter))
 9 FCPATH\index.php(56): CodeIgniter\Boot::bootWeb(Object(Config\Paths))
